<?xml version="1.0" encoding="UTF-8"?>
<!-- Generated by org.testng.reporters.JUnitReportReporter -->
<testsuite hostname="Ashishs-MacBook-Air.local" failures="0" tests="2" name="regressionSuite.TestNG_Class1" time="0.015" errors="0" timestamp="2020-10-28T06:12:39 EDT" skipped="0">
  <testcase classname="regressionSuite.TestNG_Class1" name="testMethod1" time="0.010"/>
  <system-out/>
  <testcase classname="regressionSuite.TestNG_Class1" name="testMethod2" time="0.005"/>
  <system-out/>
</testsuite> <!-- regressionSuite.TestNG_Class1 -->
