<?xml version="1.0" encoding="UTF-8"?>
<!-- Generated by org.testng.reporters.JUnitReportReporter -->
<testsuite hostname="Ashishs-MacBook-Air.local" failures="0" tests="2" name="testClasses.TestNG_TestParallet2" time="12.041" errors="0" timestamp="2020-10-29T07:07:38 EDT" skipped="0">
  <testcase classname="testClasses.TestNG_TestParallet2" name="testMethod1" time="6.033"/>
  <system-out/>
  <testcase classname="testClasses.TestNG_TestParallet2" name="testMethod2" time="6.008"/>
  <system-out/>
</testsuite> <!-- testClasses.TestNG_TestParallet2 -->
