<?xml version="1.0" encoding="UTF-8"?>
<!-- Generated by org.testng.reporters.JUnitReportReporter -->
<testsuite hostname="Ashishs-MacBook-Air.local" failures="0" tests="1" name="testClasses.TestNG_TestParameters" time="0.006" errors="0" timestamp="2020-10-29T07:03:26 EDT" skipped="0">
  <testcase classname="testClasses.TestNG_TestParameters" name="testMethod" time="0.006"/>
  <system-out/>
</testsuite> <!-- testClasses.TestNG_TestParameters -->
