<?xml version="1.0" encoding="UTF-8"?>
<!-- Generated by org.testng.reporters.JUnitReportReporter -->
<testsuite hostname="Ashishs-MacBook-Air.local" failures="0" tests="4" name="testClasses.TestNG_Grouping" time="0.013" errors="0" timestamp="2020-10-28T06:24:27 EDT" skipped="0">
  <testcase classname="testClasses.TestNG_Grouping" name="testAudiA6" time="0.007"/>
  <system-out/>
  <testcase classname="testClasses.TestNG_Grouping" name="testNinga" time="0.002"/>
  <system-out/>
  <testcase classname="testClasses.TestNG_Grouping" name="testHondaCBR" time="0.002"/>
  <system-out/>
  <testcase classname="testClasses.TestNG_Grouping" name="testBMWX6" time="0.002"/>
  <system-out/>
</testsuite> <!-- testClasses.TestNG_Grouping -->
