<?xml version="1.0" encoding="UTF-8"?>
<!-- Generated by org.testng.reporters.JUnitReportReporter -->
<testsuite hostname="Ashishs-MacBook-Air.local" failures="0" tests="3" name="testClasses.TestNg_Asserts" time="0.019" errors="0" timestamp="2020-10-22T08:16:09 EDT" skipped="0">
  <testcase classname="testClasses.TestNg_Asserts" name="testSum" time="0.002"/>
  <system-out/>
  <testcase classname="testClasses.TestNg_Asserts" name="testStrings" time="0.004"/>
  <system-out/>
  <testcase classname="testClasses.TestNg_Asserts" name="testArrays" time="0.013"/>
  <system-out/>
</testsuite> <!-- testClasses.TestNg_Asserts -->
