<?xml version="1.0" encoding="UTF-8"?>
<!-- Generated by org.testng.reporters.JUnitReportReporter -->
<testsuite hostname="Ashishs-MacBook-Air.local" failures="0" tests="4" name="testClasses.TestNG_Preserve1" time="0.018" errors="0" timestamp="2020-10-28T07:51:52 EDT" skipped="0">
  <testcase classname="testClasses.TestNG_Preserve1" name="testMethod1" time="0.011"/>
  <system-out/>
  <testcase classname="testClasses.TestNG_Preserve1" name="testMethod2" time="0.002"/>
  <system-out/>
  <testcase classname="testClasses.TestNG_Preserve1" name="testMethod1" time="0.002"/>
  <system-out/>
  <testcase classname="testClasses.TestNG_Preserve1" name="testMethod2" time="0.003"/>
  <system-out/>
</testsuite> <!-- testClasses.TestNG_Preserve1 -->
