<?xml version="1.0" encoding="UTF-8"?>
<!-- Generated by org.testng.reporters.JUnitReportReporter -->
<testsuite hostname="Ashishs-MacBook-Air.local" failures="0" tests="3" name="testClasses.TestNG_DataProvider" time="0.019" errors="0" timestamp="2020-10-29T07:33:39 EDT" skipped="0">
  <testcase classname="testClasses.TestNG_DataProvider" name="testMethod" time="0.005"/>
  <system-out/>
  <testcase classname="testClasses.TestNG_DataProvider" name="testMethod" time="0.002"/>
  <system-out/>
  <testcase classname="testClasses.TestNG_DataProvider" name="testMethod" time="0.012"/>
  <system-out/>
</testsuite> <!-- testClasses.TestNG_DataProvider -->
