<?xml version="1.0" encoding="UTF-8"?>
<!-- Generated by org.testng.reporters.JUnitReportReporter -->
<testsuite hostname="Ashishs-MacBook-Air.local" failures="0" tests="3" name="testClasses.TestAnnotation" time="0.030" errors="0" timestamp="2020-10-22T07:51:02 EDT" skipped="0">
  <testcase classname="testClasses.TestAnnotation" name="testMethod1" time="0.020"/>
  <system-out/>
  <testcase classname="testClasses.TestAnnotation" name="testMethod2" time="0.002"/>
  <system-out/>
  <testcase classname="testClasses.TestAnnotation" name="testMethod3" time="0.008"/>
  <system-out/>
</testsuite> <!-- testClasses.TestAnnotation -->
