<?xml version="1.0" encoding="UTF-8"?>
<!-- Generated by org.testng.reporters.JUnitReportReporter -->
<testsuite hostname="Ashishs-MacBook-Air.local" failures="0" tests="2" name="testClasses.TestNG_SeleniumParametersParallelExample" time="4.452" errors="0" timestamp="2020-11-02T09:35:31 EST" skipped="0">
  <testcase classname="testClasses.TestNG_SeleniumParametersParallelExample" name="testLogin" time="0.433"/>
  <system-out/>
  <testcase classname="testClasses.TestNG_SeleniumParametersParallelExample" name="testLogin" time="4.019"/>
  <system-out/>
</testsuite> <!-- testClasses.TestNG_SeleniumParametersParallelExample -->
