<?xml version="1.0" encoding="UTF-8"?>
<!-- Generated by org.testng.reporters.JUnitReportReporter -->
<testsuite hostname="Ashishs-MacBook-Air.local" failures="0" tests="2" name="testClasses.TestNG_BeforeClassAnnotations" time="0.021" errors="0" timestamp="2020-10-27T05:18:28 EDT" skipped="0">
  <testcase classname="testClasses.TestNG_BeforeClassAnnotations" name="testMethod1" time="0.016"/>
  <system-out/>
  <testcase classname="testClasses.TestNG_BeforeClassAnnotations" name="testMethod2" time="0.005"/>
  <system-out/>
</testsuite> <!-- testClasses.TestNG_BeforeClassAnnotations -->
