<?xml version="1.0" encoding="UTF-8"?>
<!-- Generated by org.testng.reporters.JUnitReportReporter -->
<testsuite hostname="Ashishs-MacBook-Air.local" failures="0" tests="2" name="testClasses.TestNG_EnableTimeout" time="0.122" errors="0" timestamp="2020-10-29T10:42:08 EDT" skipped="1">
  <testcase classname="testClasses.TestNG_EnableTimeout" name="testMethod2" time="0.122"/>
  <system-out/>
  <testcase classname="testClasses.TestNG_EnableTimeout" name="testMethod1">
    <skipped/>
  </testcase> <!-- testMethod1 -->
  <system-out/>
</testsuite> <!-- testClasses.TestNG_EnableTimeout -->
