<?xml version="1.0" encoding="UTF-8"?>
<!-- Generated by org.testng.reporters.JUnitReportReporter -->
<testsuite hostname="Ashishs-MacBook-Air.local" failures="0" tests="3" name="testClasses.TestNG_Priority" time="0.009" errors="0" timestamp="2020-10-27T07:22:02 EDT" skipped="0">
  <testcase classname="testClasses.TestNG_Priority" name="testMethod3" time="0.006"/>
  <system-out/>
  <testcase classname="testClasses.TestNG_Priority" name="testMethod2" time="0.002"/>
  <system-out/>
  <testcase classname="testClasses.TestNG_Priority" name="testMethod1" time="0.001"/>
  <system-out/>
</testsuite> <!-- testClasses.TestNG_Priority -->
